number,value,datetime_start,datetime_complete,duration,params_colsample_bytree,params_learning_rate,params_max_depth,params_min_child_samples,params_n_estimators,params_num_leaves,params_reg_alpha,params_reg_lambda,params_subsample,state
0,0.7487155596955114,2026-04-11 20:58:20.346468,2026-04-11 20:58:38.880766,0 days 00:00:18.534298,0.5779972601681014,0.17254716573280354,7,124,1179,115,3.3323645788192616e-08,0.6245760287469893,0.5780093202212182,COMPLETE
1,0.75733720981903,2026-04-11 20:58:38.880766,2026-04-11 20:59:03.192222,0 days 00:00:24.311456,0.5909124836035503,0.010636066512540286,7,168,1464,190,4.4734294104626844e-07,5.472429642032198e-06,0.6061695553391381,COMPLETE
2,0.7557707018050414,2026-04-11 20:59:03.192222,2026-04-11 20:59:11.142626,0 days 00:00:07.950404,0.6831809216468459,0.023927528765580644,4,36,1034,128,0.00012724181576752517,0.1165691561324743,0.6460723242676091,COMPLETE
3,0.7549537128964762,2026-04-11 20:59:11.146646,2026-04-11 20:59:26.794108,0 days 00:00:15.647462,0.5325257964926398,0.05898602410432694,9,126,355,146,3.4671276804481113,4.905556676028774,0.5852620618436457,COMPLETE
4,0.7557256720210161,2026-04-11 20:59:26.794108,2026-04-11 20:59:37.599768,0 days 00:00:10.805660,0.7475884550556351,0.013399060561509796,5,94,1121,99,2.039373116525212e-08,1.527156759251193,0.5610191174223894,COMPLETE
5,0.7509915457691574,2026-04-11 20:59:37.599768,2026-04-11 20:59:59.499872,0 days 00:00:21.900104,0.9847923138822793,0.02544166090938368,10,114,924,180,0.09466630153726856,2.854239907497756,0.5924272277627636,COMPLETE
6,0.7454271908413945,2026-04-11 20:59:59.500872,2026-04-11 21:00:16.642505,0 days 00:00:17.141633,0.6626651653816322,0.15826541904647565,9,47,406,165,3.148441347423712e-05,2.7678419414850017e-06,0.522613644455269,COMPLETE
7,0.7557140946026325,2026-04-11 21:00:16.642505,2026-04-11 21:00:25.465683,0 days 00:00:08.823178,0.5372753218398854,0.023200867504756827,4,36,951,111,7.620481786158549,0.08916674715636537,0.9010984903770198,COMPLETE
8,0.7536183383656928,2026-04-11 21:00:25.467688,2026-04-11 21:00:31.278884,0 days 00:00:05.811196,0.5370223258670452,0.11506408247250169,9,149,1148,32,1.683416412018213e-05,1.1036250149900698e-07,0.8856351733429728,COMPLETE
9,0.7546367047227237,2026-04-11 21:00:31.278884,2026-04-11 21:00:40.598262,0 days 00:00:09.319378,0.864803089169032,0.026946865572417687,6,69,376,171,0.005470376807480391,0.9658611176861268,0.6625916610133735,COMPLETE
10,0.7501939057908968,2026-04-11 21:00:40.600268,2026-04-11 21:00:54.338180,0 days 00:00:13.737912,0.8451235367845726,0.010181283131439643,7,191,1464,248,1.990632676927382e-06,4.32747580263185e-05,0.7728591400411078,PRUNED
11,0.7548908764084347,2026-04-11 21:00:54.341932,2026-04-11 21:01:01.871334,0 days 00:00:07.529402,0.6712579968688783,0.01595150537764663,3,186,1435,234,8.593323877504324e-07,0.0029151336209232823,0.7092420316039709,COMPLETE
12,0.7564161283800522,2026-04-11 21:01:01.871334,2026-04-11 21:01:10.083795,0 days 00:00:08.212461,0.6448134750292263,0.04722159118758402,6,12,665,209,0.0007187551363036988,0.0024710325668257605,0.8005534578760697,COMPLETE
13,0.7567962182014067,2026-04-11 21:01:10.084795,2026-04-11 21:01:17.893215,0 days 00:00:07.808420,0.6123366282341044,0.0584448042822417,6,10,674,210,0.004292853293515138,0.0005505172395836486,0.8046532123773311,COMPLETE
14,0.748831545670991,2026-04-11 21:01:17.895220,2026-04-11 21:01:25.272457,0 days 00:00:07.377237,0.6061144325936357,0.07512361891070589,8,155,543,218,0.018085859182803164,2.7512505117494534e-05,0.9983774235213664,PRUNED
15,0.7508987826367393,2026-04-11 21:01:25.274464,2026-04-11 21:01:28.102379,0 days 00:00:02.827915,0.7648861929188862,0.08492665786823324,5,84,724,201,1.0055277625452995e-06,1.2319462809318151e-08,0.8262326939120918,PRUNED
16,0.7495369667367096,2026-04-11 21:01:28.103379,2026-04-11 21:01:36.525405,0 days 00:00:08.422026,0.7404548689011644,0.03773284544305368,8,162,1308,189,0.29186835251724164,6.738672532809253e-07,0.7176988678845329,PRUNED
17,0.7570356330485793,2026-04-11 21:01:36.527412,2026-04-11 21:01:45.679329,0 days 00:00:09.151917,0.5915394636106673,0.03702917556373974,5,62,816,78,0.0011524872100222812,0.0010021652841222118,0.8571974585889052,COMPLETE
18,0.7568278877426063,2026-04-11 21:01:45.681335,2026-04-11 21:01:56.832828,0 days 00:00:11.151493,0.5166086233221996,0.01633922974299674,5,78,820,77,0.00043697483105703473,6.719735068944553e-05,0.8863796302709988,COMPLETE
19,0.7546138051211755,2026-04-11 21:01:56.834835,2026-04-11 21:02:01.411728,0 days 00:00:04.576893,0.5929976680143253,0.03615581608890234,3,67,1311,48,2.3651125563418518e-07,3.5462019589627556e-06,0.9831237376918905,PRUNED
20,0.7567917493533504,2026-04-11 21:02:01.413476,2026-04-11 21:02:21.003196,0 days 00:00:19.589720,0.7119504403900979,0.010067124986925762,7,143,578,63,7.5005301500917454e-06,0.008225723319543129,0.5075106058128437,COMPLETE
21,0.7566960920203604,2026-04-11 21:02:21.003196,2026-04-11 21:02:31.370185,0 days 00:00:10.366989,0.5135678891116691,0.01631216454734748,5,66,809,85,0.0004524740056529746,8.969067883354273e-05,0.8814236100249656,COMPLETE
22,0.7510346105590746,2026-04-11 21:02:31.372192,2026-04-11 21:02:38.884748,0 days 00:00:07.512556,0.559699776038798,0.018238495522759673,4,95,823,73,0.00015446158777906302,5.665522894284532e-06,0.9228320514876031,PRUNED
23,0.7562764790658131,2026-04-11 21:02:38.886754,2026-04-11 21:02:49.594042,0 days 00:00:10.707288,0.6280173156878633,0.012738578946952564,5,51,794,133,0.003071737902659146,0.00033714761656287686,0.8464317223403334,COMPLETE
24,0.7570528385430654,2026-04-11 21:02:49.596049,2026-04-11 21:03:03.004515,0 days 00:00:13.408466,0.5123083316063839,0.020630248666778053,6,174,1022,154,6.061578347086264e-05,3.362093084396303e-07,0.9449883755089078,COMPLETE
25,0.7569874401797471,2026-04-11 21:03:03.006522,2026-04-11 21:03:20.064781,0 days 00:00:17.058259,0.5004777438723695,0.03203997612137067,8,179,1010,154,9.058047108116763e-08,1.4178383324609216e-07,0.9456216574975073,COMPLETE
26,0.7568737298795646,2026-04-11 21:03:20.064781,2026-04-11 21:03:31.608765,0 days 00:00:11.543984,0.5725563136933619,0.02086407831769407,6,171,1294,157,4.216943923365881e-06,1.6902749588425184e-08,0.9536129977172025,COMPLETE
27,0.7520249008192903,2026-04-11 21:03:31.608765,2026-04-11 21:03:45.259984,0 days 00:00:13.651219,0.8191324531930125,0.012705399902525475,7,138,1236,195,4.5149888688035905e-05,2.1032906735141402e-07,0.7477122210167974,PRUNED
28,0.7504463947057891,2026-04-11 21:03:45.261990,2026-04-11 21:03:50.527876,0 days 00:00:05.265886,0.9188709781447775,0.029677912232698504,6,170,1385,132,1.772273851093736e-07,1.0664423553439837e-05,0.8565122554129694,PRUNED
29,0.7499011835053193,2026-04-11 21:03:50.529882,2026-04-11 21:03:58.796586,0 days 00:00:08.266704,0.5750605036487337,0.04659947051289603,8,197,1070,108,0.03414724786236005,7.580367432493714e-07,0.6387337087410516,PRUNED
30,0.7520405914574613,2026-04-11 21:03:58.796586,2026-04-11 21:04:11.807517,0 days 00:00:13.010931,0.5545604154461031,0.019701832684747886,7,133,1207,178,1.0710274117313283e-08,0.03416644572674516,0.9558460102215038,PRUNED
31,0.7518990779960089,2026-04-11 21:04:11.807517,2026-04-11 21:04:22.226480,0 days 00:00:10.418963,0.5082203346404595,0.03312166754650264,8,178,992,150,1.2905617731559878e-07,5.449526099556071e-08,0.9223223081688411,PRUNED
32,0.7572291969344604,2026-04-11 21:04:22.228486,2026-04-11 21:04:33.347916,0 days 00:00:11.119430,0.506620642875564,0.04290209831606491,7,161,896,121,5.4999003326199825e-08,7.694338503884879e-07,0.9559225801721637,COMPLETE
33,0.7513428305490778,2026-04-11 21:04:33.347916,2026-04-11 21:04:40.225020,0 days 00:00:06.877104,0.5859066840712754,0.05375097530296472,7,114,898,123,4.834574965520513e-08,8.623975450973279e-07,0.9236975305791996,PRUNED
34,0.750885051564143,2026-04-11 21:04:40.225020,2026-04-11 21:04:43.666258,0 days 00:00:03.441238,0.637811754659259,0.04165383426506589,4,161,1074,97,5.37354102174604e-07,1.4930188560684387e-06,0.9764406935480587,PRUNED
35,0.7571743643268274,2026-04-11 21:04:43.667258,2026-04-11 21:04:56.616388,0 days 00:00:12.949130,0.5468523470313016,0.022194178163761947,6,118,865,138,0.0014523549810305917,1.580294862089641e-05,0.8479434027188816,COMPLETE
36,0.7573481530326847,2026-04-11 21:04:56.618394,2026-04-11 21:05:20.053853,0 days 00:00:23.435459,0.5456557788101665,0.014094278884228048,7,125,899,132,9.099885540627921e-05,1.630330926122681e-05,0.556081676057411,COMPLETE
37,0.752390254320785,2026-04-11 21:05:20.053853,2026-04-11 21:05:37.428535,0 days 00:00:17.374682,0.5482928606810181,0.011604165814446123,9,123,884,138,0.32929041800174724,1.2612256709615817e-05,0.5642172125113806,PRUNED
38,0.7574067628236913,2026-04-11 21:05:37.428535,2026-04-11 21:06:02.045378,0 days 00:00:24.616843,0.5442896957547109,0.01443585074254723,7,109,737,121,1.1522045049759602e-05,0.00010720367081918352,0.6059856531300283,COMPLETE
39,0.7513798709386063,2026-04-11 21:06:02.047384,2026-04-11 21:06:19.330085,0 days 00:00:17.282701,0.697016068891317,0.01442355433248467,10,131,525,124,1.1534982088706013e-05,9.25579236975447e-05,0.6057085943520208,PRUNED
40,0.7456414565548602,2026-04-11 21:06:19.330085,2026-04-11 21:06:28.847653,0 days 00:00:09.517568,0.6175348808608341,0.12090403807148034,9,104,722,114,3.6469230414208926e-06,0.00016625484434147346,0.5407678623173765,PRUNED
41,0.7572772834421463,2026-04-11 21:06:28.849658,2026-04-11 21:06:52.441172,0 days 00:00:23.591514,0.537676315684988,0.014258495859414336,7,121,921,101,0.0001561711762963508,1.1182104679840653e-05,0.6190071777620199,COMPLETE
42,0.7574206772369192,2026-04-11 21:06:52.441172,2026-04-11 21:07:16.817450,0 days 00:00:24.376278,0.5282539476321044,0.014225488836449252,7,104,1114,97,0.0002036241001752367,2.787497602196024e-06,0.6145653877086542,COMPLETE
43,0.758093988147496,2026-04-11 21:07:16.817450,2026-04-11 21:07:38.312693,0 days 00:00:21.495243,0.5345520937128181,0.011477335258928975,7,104,1123,100,0.00013368789980923437,4.765508322259288e-06,0.6227636441956709,COMPLETE
44,0.7514411173691076,2026-04-11 21:07:38.312693,2026-04-11 21:07:48.218770,0 days 00:00:09.906077,0.5677426101661734,0.011269886870378864,8,104,1097,91,2.076182241864567e-05,2.5287155247727723e-06,0.6652229764606469,PRUNED
45,0.7575329167565309,2026-04-11 21:07:48.220774,2026-04-11 21:08:09.163678,0 days 00:00:20.942904,0.6566843568026536,0.011220067651672652,7,89,1493,166,8.920815556017282e-05,2.1134655559678212e-05,0.5740284173567426,COMPLETE
46,0.7523083125650005,2026-04-11 21:08:09.163678,2026-04-11 21:08:25.324851,0 days 00:00:16.161173,0.6547414291817681,0.012159291388835251,8,92,1385,103,0.00014159741165558257,2.913503379013586e-05,0.5824084332255189,PRUNED
47,0.7526823351010863,2026-04-11 21:08:25.324851,2026-04-11 21:08:38.786213,0 days 00:00:13.461362,0.6762286742280886,0.014124239058211625,7,107,1498,115,7.110163544903619e-05,0.00012826313524210597,0.5403317102892633,PRUNED
48,0.7576388430514349,2026-04-11 21:08:38.786213,2026-04-11 21:08:51.191814,0 days 00:00:12.405601,0.5284878432640603,0.017622937230480046,6,82,1156,170,0.00024424747322372237,5.048906301373131e-06,0.6818962697263994,COMPLETE
49,0.7560586564275372,2026-04-11 21:08:51.193822,2026-04-11 21:09:01.278838,0 days 00:00:10.085016,0.7854783568947485,0.017278572153011134,6,80,1144,170,0.00026267597187128546,2.256809494931995e-06,0.7022173640499222,PRUNED
50,0.7578802652399469,2026-04-11 21:09:01.280843,2026-04-11 21:09:09.676236,0 days 00:00:08.395393,0.532200510942934,0.027183333620423952,6,90,1249,166,2.72826342017688e-05,4.699565062382168e-06,0.6833697882465452,COMPLETE
51,0.7577537586383952,2026-04-11 21:09:09.676236,2026-04-11 21:09:20.656395,0 days 00:00:10.980159,0.5337010165128041,0.026471589181828917,6,91,1239,163,2.1849732410734668e-05,6.550934170618835e-06,0.6782802469448544,COMPLETE
52,0.757820460686308,2026-04-11 21:09:20.656395,2026-04-11 21:09:30.420437,0 days 00:00:09.764042,0.5258825594061382,0.027106064172692124,6,89,1238,182,2.887481567723532e-05,6.586199661909336e-06,0.6552887443048502,COMPLETE
53,0.7525250606517075,2026-04-11 21:09:30.420437,2026-04-11 21:09:37.829629,0 days 00:00:07.409192,0.5966062639445289,0.02474254299327439,6,92,1244,180,3.1602783126128615e-05,5.202067518721745e-06,0.6772686315202207,PRUNED
54,0.7579172800622525,2026-04-11 21:09:37.829629,2026-04-11 21:09:48.156569,0 days 00:00:10.326940,0.5274446193433855,0.026757308356785046,6,75,1185,163,4.085827056822462e-06,3.848011443756183e-05,0.6842548283984574,COMPLETE
55,0.7579377798906778,2026-04-11 21:09:48.156569,2026-04-11 21:09:56.727790,0 days 00:00:08.571221,0.5285670181907277,0.02851155246138239,6,59,1176,192,2.784492403106015e-06,4.572623902992278e-05,0.6878723162862285,COMPLETE
56,0.7571354524053513,2026-04-11 21:09:56.727790,2026-04-11 21:10:04.233274,0 days 00:00:07.505484,0.5267765865552017,0.027285932258150757,5,55,1200,187,1.8090321639575494e-06,4.5588726722459226e-05,0.747206551435314,COMPLETE
57,0.7570626901469425,2026-04-11 21:10:04.233274,2026-04-11 21:10:12.578980,0 days 00:00:08.345706,0.5665156176648678,0.02839326668146893,5,27,1365,211,4.369650470520052e-06,0.0007627377835884869,0.6415625871799985,COMPLETE
58,0.7527645111888295,2026-04-11 21:10:12.580988,2026-04-11 21:10:21.433815,0 days 00:00:08.852827,0.6018812880775414,0.025264828561962462,6,73,1275,232,1.242044291677198e-06,3.5034079719793093e-07,0.7239452808670515,PRUNED
59,0.7526526904511635,2026-04-11 21:10:21.433815,2026-04-11 21:10:24.202062,0 days 00:00:02.768247,0.5225041619058196,0.07221155854634147,5,37,1351,144,4.882907146237094e-07,0.0002462973901379148,0.694540122839458,PRUNED
60,0.7519826692492133,2026-04-11 21:10:24.203062,2026-04-11 21:10:29.843426,0 days 00:00:05.640364,0.5788252957346769,0.03314663245101352,6,56,1191,181,2.394416002337915e-05,4.56523117489117e-05,0.6540192734411825,PRUNED
61,0.7580860278622003,2026-04-11 21:10:29.845172,2026-04-11 21:10:41.574859,0 days 00:00:11.729687,0.5298763267328073,0.02322791875315678,6,84,1144,162,7.65930452814876e-06,5.940506108228385e-06,0.6776940838912083,COMPLETE
62,0.7575508610849351,2026-04-11 21:10:41.576864,2026-04-11 21:10:50.931177,0 days 00:00:09.354313,0.5002974864504657,0.029903777320294096,6,98,1246,161,7.680722146940019e-06,6.312016599632839e-06,0.7276928597154619,COMPLETE
63,0.7527665887199688,2026-04-11 21:10:50.933182,2026-04-11 21:10:58.485946,0 days 00:00:07.552764,0.560249470920378,0.022158821887519938,6,75,1335,201,2.8383479159341853e-06,1.4317955485071776e-06,0.6302429485985431,PRUNED
64,0.7575931802933423,2026-04-11 21:10:58.485946,2026-04-11 21:17:17.952632,0 days 00:06:19.466686,0.5287066768301442,0.02526758325584515,5,84,1163,197,8.834868009512978e-06,6.23777593502051e-06,0.772736044263206,COMPLETE
65,0.744923225454187,2026-04-11 21:17:17.953916,2026-04-11 21:17:23.725337,0 days 00:00:05.771421,0.9102072735220003,0.19921514690863554,6,63,978,174,4.328154252611515e-05,3.751853166416284e-05,0.6751254714815245,PRUNED
66,0.7528398300030414,2026-04-11 21:17:23.726778,2026-04-11 21:17:38.686679,0 days 00:00:14.959901,0.620563478137979,0.019512683111870613,6,43,1060,161,1.7424121331917594e-05,1.5143990654904092e-06,0.6925897935643683,PRUNED
67,0.7516641196191012,2026-04-11 21:17:38.688797,2026-04-11 21:17:43.893385,0 days 00:00:05.204588,0.5595117260834295,0.03886199067973111,4,100,1437,186,1.0295993717050228e-06,0.0003987286602923463,0.6514312765736328,PRUNED
68,0.7527696548970693,2026-04-11 21:17:43.895395,2026-04-11 21:17:50.313074,0 days 00:00:06.417679,0.5854734729473156,0.053286763768718104,5,71,1261,146,6.383750832204383e-06,8.455792528396663e-06,0.6635010636544221,PRUNED
69,0.7569346469688184,2026-04-11 21:17:50.313074,2026-04-11 21:18:05.054184,0 days 00:00:14.741110,0.5185807955468166,0.02303929123933152,6,88,1215,218,2.6607505685352045e-07,4.710149241693688e-07,0.6308494003745457,PRUNED
70,0.752016835162429,2026-04-11 21:18:05.056189,2026-04-11 21:18:12.137145,0 days 00:00:07.080956,0.5442051477776838,0.0346694109860284,5,59,1130,193,1.7694890215710462e-06,6.754142315832173e-08,0.7173688047569318,PRUNED
71,0.7583163751539791,2026-04-11 21:18:12.137145,2026-04-11 21:18:25.058833,0 days 00:00:12.921688,0.5271786898792926,0.030222692954455246,6,81,1174,169,0.0006446351036994758,3.953747195711128e-06,0.6816194522893654,COMPLETE
72,0.7576882117278032,2026-04-11 21:18:25.058833,2026-04-11 21:18:37.897965,0 days 00:00:12.839132,0.5156126430630863,0.030783114670728633,6,76,1306,160,0.0008831670670265646,3.4292190833209027e-06,0.7329146272059751,COMPLETE
73,0.7576867590795912,2026-04-11 21:18:37.897965,2026-04-11 21:18:50.459472,0 days 00:00:12.561507,0.5327097862466526,0.03997570112107525,6,86,1173,173,3.697839596529218e-05,1.8571413245051177e-05,0.6866909868738048,COMPLETE
74,0.7576699203612698,2026-04-11 21:18:50.461477,2026-04-11 21:19:06.530010,0 days 00:00:16.068533,0.558559769464847,0.027345395316402833,6,97,1047,151,0.0025211202610426974,6.948663089779373e-05,0.6676952764259624,COMPLETE
75,0.757115138458858,2026-04-11 21:19:06.531758,2026-04-11 21:19:34.049285,0 days 00:00:27.517527,0.5017738710879092,0.021328849943916622,7,69,1112,182,6.228329078591691e-05,1.0177508262016073e-06,0.7006377314455106,PRUNED
76,0.7516223243300124,2026-04-11 21:19:34.051289,2026-04-11 21:19:42.363673,0 days 00:00:08.312384,0.578575979495358,0.03620947180452545,6,80,1284,166,0.00037852804180002047,2.6813040331511255e-05,0.6559244755185815,PRUNED
77,0.7520915043285641,2026-04-11 21:19:42.365678,2026-04-11 21:19:49.204939,0 days 00:00:06.839261,0.5389667047625611,0.023764979408442303,5,110,1190,33,1.5100880635620708e-05,9.496084959890262e-06,0.7626621630569278,PRUNED
78,0.7577501001755911,2026-04-11 21:19:49.206943,2026-04-11 21:20:09.620755,0 days 00:00:20.413812,0.5176679160450497,0.018914810594812627,7,48,1226,205,0.010304729106761683,3.842494774214428e-06,0.709367433302334,COMPLETE
79,0.7528859408673407,2026-04-11 21:20:09.622761,2026-04-11 21:20:18.163211,0 days 00:00:08.540450,0.552761971858904,0.02885947247623631,6,67,1095,155,3.353272987444919e-06,0.00021400908607194943,0.6249466536938075,PRUNED
80,0.7528439874864631,2026-04-11 21:20:18.165216,2026-04-11 21:20:31.565722,0 days 00:00:13.400506,0.5001959512159322,0.03201586819395204,7,92,1320,138,0.0004655838090316146,1.7395014605418174e-06,0.6005466596048418,PRUNED
81,0.7516108612552376,2026-04-11 21:20:31.565722,2026-04-11 21:20:47.625953,0 days 00:00:16.060231,0.5239933383594414,0.01894761043941008,7,49,1230,203,0.0077085249081726296,8.45933063172784,0.7092104474511837,PRUNED
82,0.7583244063354805,2026-04-11 21:20:47.625953,2026-04-11 21:21:10.713412,0 days 00:00:23.087459,0.5136127897564114,0.026377496156275385,7,41,1270,220,0.14959889567653312,4.929424341143158e-06,0.7374229703913441,COMPLETE
83,0.7572235668087863,2026-04-11 21:21:10.713412,2026-04-11 21:21:25.916387,0 days 00:00:15.202975,0.5365977371907759,0.025539948145694262,6,99,1143,252,0.6816147060524994,9.90837105560719e-06,0.7937744135950352,COMPLETE
84,0.7587095160481274,2026-04-11 21:21:25.916387,2026-04-11 21:21:39.218148,0 days 00:00:13.301761,0.5701080350557698,0.03058918242154079,6,40,1387,236,5.305156315033559e-06,0.20905131886245007,0.7368016287946176,COMPLETE
85,0.7592394441465139,2026-04-11 21:21:39.218148,2026-04-11 21:21:59.478748,0 days 00:00:20.260600,0.5696538549264468,0.03084029475563597,7,36,1446,242,0.0395692331166811,0.42045557858874216,0.7461722123200303,COMPLETE
86,0.7575365049897375,2026-04-11 21:21:59.480753,2026-04-11 21:22:21.444249,0 days 00:00:21.963496,0.6094157623976643,0.03560405802493238,7,22,1418,237,0.06263989000460027,0.20814577492696912,0.7348086024831715,COMPLETE
87,0.7516296989968356,2026-04-11 21:22:21.444249,2026-04-11 21:22:32.000526,0 days 00:00:10.556277,0.5739974731169584,0.030942823255723163,8,41,1416,242,0.15619315952449392,3.140845797356831,0.790972976481186,PRUNED
88,0.752080674615117,2026-04-11 21:22:32.002535,2026-04-11 21:22:46.558435,0 days 00:00:14.555900,0.5904856225662591,0.02304525511570633,7,32,1383,228,1.2708578699814022,0.388052504924537,0.7563496343817061,PRUNED
89,0.75918571472055,2026-04-11 21:22:46.560439,2026-04-11 21:23:04.309185,0 days 00:00:17.748746,0.5542340352816726,0.04833664908500958,7,17,1448,216,0.09414958902496219,0.016451770382217505,0.7443508469928236,COMPLETE
90,0.7483904637998559,2026-04-11 21:23:04.311191,2026-04-11 21:23:23.790196,0 days 00:00:19.479005,0.9768075793844078,0.04958346906536054,8,20,1461,225,0.02168200937201777,0.04446126700981586,0.7405347658202783,PRUNED
91,0.7521169075425969,2026-04-11 21:23:23.790196,2026-04-11 21:23:33.826398,0 days 00:00:10.036202,0.5506273488124976,0.06206093033028344,7,29,1457,243,0.05373781817381998,0.9367429238124533,0.8171649925494464,PRUNED
92,0.7525540987806629,2026-04-11 21:23:33.828402,2026-04-11 21:23:45.331891,0 days 00:00:11.503489,0.511490001047158,0.042831338423146195,7,18,1408,219,2.4993949197163237,0.005907220404862368,0.7684050488636143,PRUNED
93,0.7595082190699705,2026-04-11 21:23:45.333896,2026-04-11 21:24:06.682818,0 days 00:00:21.348922,0.5692659875544014,0.03382993496517097,7,14,1355,220,0.17399123913557585,0.0016435026378378462,0.7787472865876012,COMPLETE
94,0.7596889813660058,2026-04-11 21:24:06.684825,2026-04-11 21:24:23.219490,0 days 00:00:16.534665,0.5662075242981088,0.045885310785259245,7,25,1366,214,0.24104684574529178,0.02512180169912958,0.756772338221901,COMPLETE
95,0.7601402496984303,2026-04-11 21:24:23.219490,2026-04-11 21:24:42.931722,0 days 00:00:19.712232,0.5646432383013764,0.04933484470204951,7,13,1339,214,0.44997392984761536,0.03109472146752375,0.7886029423917214,COMPLETE
