number,value,datetime_start,datetime_complete,duration,params_colsample_bytree,params_learning_rate,params_max_depth,params_min_child_samples,params_n_estimators,params_num_leaves,params_reg_alpha,params_reg_lambda,params_subsample,state
96,0.7527882394208758,2026-04-11 21:24:42.931722,2026-04-11 21:25:00.468619,0 days 00:00:17.536897,0.6329742310552998,0.04601303348586423,8,13,1350,212,0.1559201146279612,0.022039345206761353,0.7843838498861285,PRUNED
97,0.7582229568710953,2026-04-11 21:25:00.470629,2026-04-11 21:25:17.499779,0 days 00:00:17.029150,0.5682247056040279,0.05477037690632425,7,10,1378,224,0.2788086101128048,0.0017753956429584468,0.7808761143877238,COMPLETE
98,0.752381949407023,2026-04-11 21:25:17.499779,2026-04-11 21:25:28.746541,0 days 00:00:11.246762,0.5662542948862834,0.0683091557726731,7,14,1370,224,0.4393637715681193,0.0015327236430210491,0.8109144533078345,PRUNED
99,0.7567983175155611,2026-04-11 21:25:28.748546,2026-04-11 21:25:46.942957,0 days 00:00:18.194411,0.6061773652989847,0.04940288630633851,7,10,1484,239,0.19906292723819724,0.012765005196728694,0.7802141914386427,PRUNED
